<?xml version="1.0" encoding="UTF-8"?>
<!-- Generated by org.testng.reporters.JUnitXMLReporter -->
<testsuite ignored="0" hostname="Ketan" failures="0" tests="10" name="Surefire test" time="21.146" errors="0" timestamp="2024-06-12T13:13:26 IST">
  <testcase classname="api.test.daraDrivenTests" name="postUserData" time="3.187"/>
  <testcase classname="api.test.daraDrivenTests" name="postUserData" time="1.59"/>
  <testcase classname="api.test.daraDrivenTests" name="postUserData" time="1.428"/>
  <testcase classname="api.test.daraDrivenTests" name="deleteUserByName" time="1.399"/>
  <testcase classname="api.test.daraDrivenTests" name="deleteUserByName" time="1.537"/>
  <testcase classname="api.test.daraDrivenTests" name="deleteUserByName" time="2.558"/>
  <testcase classname="api.test.userTests" name="createUserRespose" time="1.606"/>
  <testcase classname="api.test.userTests" name="getUserRespose" time="1.601"/>
  <testcase classname="api.test.userTests" name="updateUserRespose" time="3.085"/>
  <testcase classname="api.test.userTests" name="deleteUserRespose" time="1.516"/>
</testsuite> <!-- Surefire test -->
