<?xml version="1.0" encoding="UTF-8"?>
<!-- Generated by org.testng.reporters.JUnitXMLReporter -->
<testsuite ignored="0" hostname="Ketan" failures="0" tests="4" name="Default test" time="10.625" errors="0" timestamp="2024-06-11T16:29:38 IST">
  <testcase classname="api.test.userTests2" name="createUserRespose" time="3.477"/>
  <testcase classname="api.test.userTests2" name="getUserRespose" time="1.675"/>
  <testcase classname="api.test.userTests2" name="updateUserRespose" time="3.167"/>
  <testcase classname="api.test.userTests2" name="deleteUserRespose" time="1.629"/>
</testsuite> <!-- Default test -->
