<?xml version="1.0" encoding="UTF-8"?>
<testng-results ignored="0" total="4" passed="4" failed="0" skipped="0">
  <reporter-output>
  </reporter-output>
  <suite started-at="2024-06-11T16:29:28 IST" name="Default suite" finished-at="2024-06-11T16:29:38 IST" duration-ms="10625">
    <groups>
    </groups>
    <test started-at="2024-06-11T16:29:28 IST" name="Default test" finished-at="2024-06-11T16:29:38 IST" duration-ms="10625">
      <class name="api.test.userTests2">
        <test-method is-config="true" signature="setup()[pri:0, instance:api.test.userTests2@71075444]" started-at="2024-06-11T16:29:28 IST" name="setup" finished-at="2024-06-11T16:29:29 IST" duration-ms="640" status="PASS">
          <reporter-output>
          </reporter-output>
        </test-method> <!-- setup -->
        <test-method signature="createUserRespose()[pri:1, instance:api.test.userTests2@71075444]" started-at="2024-06-11T16:29:29 IST" name="createUserRespose" finished-at="2024-06-11T16:29:32 IST" duration-ms="3477" status="PASS">
          <reporter-output>
          </reporter-output>
        </test-method> <!-- createUserRespose -->
        <test-method signature="getUserRespose()[pri:2, instance:api.test.userTests2@71075444]" started-at="2024-06-11T16:29:32 IST" name="getUserRespose" finished-at="2024-06-11T16:29:34 IST" duration-ms="1675" status="PASS">
          <reporter-output>
          </reporter-output>
        </test-method> <!-- getUserRespose -->
        <test-method signature="updateUserRespose()[pri:3, instance:api.test.userTests2@71075444]" started-at="2024-06-11T16:29:34 IST" name="updateUserRespose" finished-at="2024-06-11T16:29:37 IST" duration-ms="3167" status="PASS">
          <reporter-output>
          </reporter-output>
        </test-method> <!-- updateUserRespose -->
        <test-method signature="deleteUserRespose()[pri:4, instance:api.test.userTests2@71075444]" started-at="2024-06-11T16:29:37 IST" name="deleteUserRespose" finished-at="2024-06-11T16:29:38 IST" duration-ms="1629" status="PASS">
          <reporter-output>
          </reporter-output>
        </test-method> <!-- deleteUserRespose -->
      </class> <!-- api.test.userTests2 -->
    </test> <!-- Default test -->
  </suite> <!-- Default suite -->
</testng-results>
