<?xml version="1.0" encoding="UTF-8"?>
<!-- Generated by org.testng.reporters.JUnitXMLReporter -->
<testsuite ignored="0" hostname="Ketan" failures="0" tests="4" name="PetTest" time="16.351" errors="0" timestamp="2024-06-12T13:19:54 IST">
  <testcase classname="api.test.userTests" name="createUserRespose" time="3.456"/>
  <testcase classname="api.test.userTests" name="getUserRespose" time="7.09"/>
  <testcase classname="api.test.userTests" name="updateUserRespose" time="3.275"/>
  <testcase classname="api.test.userTests" name="deleteUserRespose" time="1.621"/>
</testsuite> <!-- PetTest -->
