<?xml version="1.0" encoding="UTF-8"?>
<!-- Generated by org.testng.reporters.JUnitXMLReporter -->
<testsuite ignored="0" hostname="Ketan" failures="0" tests="4" name="PetTest" time="9.693" errors="0" timestamp="2024-06-10T16:34:20 IST">
  <testcase classname="api.test.userTests" name="createUserRespose" time="3.596"/>
  <testcase classname="api.test.userTests" name="getUserRespose" time="1.339"/>
  <testcase classname="api.test.userTests" name="updateUserRespose" time="2.703"/>
  <testcase classname="api.test.userTests" name="deleteUserRespose" time="1.325"/>
</testsuite> <!-- PetTest -->
